<?xml version="1.0" encoding="UTF-8"?>
<!-- Generated by org.testng.reporters.JUnitXMLReporter -->
<testsuite hostname="pradyu-PC" name="Default test" tests="4" failures="0" timestamp="27 Nov 2019 13:45:04 GMT" time="8.63" errors="0">
  <testcase name="TestAllUsersRequest" time="4.464" classname="JPMCAssignment.Restassured.TestRestassured"/>
  <testcase name="TestPostRequest" time="1.417" classname="JPMCAssignment.Restassured.TestRestassured"/>
  <testcase name="TestSingleUserRequest" time="1.036" classname="JPMCAssignment.Restassured.TestRestassured"/>
  <testcase name="TestcommentRequest" time="1.643" classname="JPMCAssignment.Restassured.TestRestassured"/>
</testsuite> <!-- Default test -->
